[32mINFO    [0m test:test_1_login.py:31 å¼€å§‹æ‰§è¡Œç™»å½•çš„ç”¨ä¾‹
[32mINFO    [0m test:base_page.py:185 æ–‡æœ¬å†…å®¹è¾“å…¥--('css selector', 'input[type="text"]')--æˆåŠŸ
[32mINFO    [0m test:base_page.py:185 æ–‡æœ¬å†…å®¹è¾“å…¥--('css selector', 'input[type="password"]')--æˆåŠŸ
[32mINFO    [0m test:base_page.py:163 å…ƒç´ --('css selector', 'input[type="checkbox"]')--ç‚¹å‡»æˆåŠŸ
[32mINFO    [0m test:base_page.py:163 å…ƒç´ --('xpath', "//span[text()='ç™» å½•']")--ç‚¹å‡»æˆåŠŸ
[32mINFO    [0m test:base_page.py:163 å…ƒç´ --('xpath', "//*[contains(text(), 'æˆ‘æ˜¯æœåŠ¡å•†')]")--ç‚¹å‡»æˆåŠŸ
[1m[31mERROR   [0m test:base_page.py:37 å…ƒç´ --('xpath', "//*[contains(text(), 'ç»¼åˆæ¦‚è§ˆ') or contains(text(), 'å…‰ä¼è¿è¥')]")--ç­‰å¾…å¯è§è¶…æ—¶
[1m[31mERROR   [0m test:base_page.py:38 Message: 
Traceback (most recent call last):
  File "/Users/mayun/project/solarpilot/solar_web/common/base_page.py", line 32, in wait_element_visibility
    ele = WebDriverWait(self.driver, timeout, poll_frequency).until(
        EC.visibility_of_element_located(locator)
    )
  File "/Users/mayun/Library/Python/3.13/lib/python/site-packages/selenium/webdriver/support/wait.py", line 138, in until
    raise TimeoutException(message, screen, stacktrace)
selenium.common.exceptions.TimeoutException: Message: 

[32mINFO    [0m test:base_page.py:237 é”™è¯¯é¡µé¢æˆªå›¾æˆåŠŸï¼Œå›¾è¡¨ä¿å­˜çš„è·¯å¾„:/Users/mayun/project/solarpilot/solar_web/result/error_image/ç»¼åˆæ¦‚è§ˆ_1754384619.315212.png
[32mINFO    [0m test:base_page.py:204 å…ƒç´ --('xpath', "//*[contains(text(), 'ç»¼åˆæ¦‚è§ˆ') or contains(text(), 'å…‰ä¼è¿è¥')]")--è·å–æˆåŠŸ
[32mINFO    [0m test:test_1_login.py:87 ç”¨ä¾‹æ‰§è¡Œé€šè¿‡